com.xm.bus/proguard/seeds.txt
com.baidu.location.y$a
com.baidu.location.y$a: com.baidu.location.y a
com.baidu.location.y$a: y$a(com.baidu.location.y)
com.baidu.location.y$a: void run()
com.baidu.location.y$a: y$a(com.baidu.location.y,com.baidu.location.y$1)
com.baidu.location.z
com.baidu.location.z: com.baidu.location.ai$b dC
com.baidu.location.z: com.baidu.location.n$a dz
com.baidu.location.z: boolean dx
com.baidu.location.z: boolean dB
com.baidu.location.z: boolean dA
com.baidu.location.z: java.lang.String dw
com.baidu.location.z: android.os.Handler dy
com.baidu.location.z: z()
com.baidu.location.z: void byte(android.os.Message)
com.baidu.location.z: void ab()
com.baidu.location.z: java.lang.String void(java.lang.String)
com.baidu.location.z: void <clinit>()
com.baidu.location.z$a
com.baidu.location.z$a: java.lang.String c6
com.baidu.location.z$a: java.lang.String c5
com.baidu.location.z$a: com.baidu.location.z c4
com.baidu.location.z$a: z$a(com.baidu.location.z)
com.baidu.location.z$a: void V()
com.baidu.location.z$a: void if(boolean)
com.baidu.location.z$a: void long(java.lang.String)
com.baidu.location.z$b
com.baidu.location.z$b: com.baidu.location.z a
com.baidu.location.z$b: z$b(com.baidu.location.z)
com.baidu.location.z$b: void handleMessage(android.os.Message)
com.baidu.mapapi.BMapManager
com.baidu.mapapi.BMapManager: com.baidu.platform.comapi.a b
com.baidu.mapapi.BMapManager: android.content.Context c
com.baidu.mapapi.BMapManager: android.os.Handler d
com.baidu.mapapi.BMapManager: com.baidu.mapapi.MKGeneralListener a
com.baidu.mapapi.BMapManager: java.lang.String e
com.baidu.mapapi.BMapManager: boolean f
com.baidu.mapapi.BMapManager: com.baidu.mapapi.b g
com.baidu.mapapi.BMapManager: BMapManager(android.content.Context)
com.baidu.mapapi.BMapManager: boolean init(java.lang.String,com.baidu.mapapi.MKGeneralListener)
com.baidu.mapapi.BMapManager: boolean start()
com.baidu.mapapi.BMapManager: boolean stop()
com.baidu.mapapi.BMapManager: void destroy()
com.baidu.mapapi.BMapManager: android.content.Context getContext()
com.baidu.mapapi.BMapManager: void onGetPermissionCheckResult(com.baidu.mapapi.utils.PermissionCheck$a)
com.baidu.mapapi.BMapManager: void a()
com.baidu.mapapi.BMapManager: void b()
com.baidu.mapapi.BMapManager: void handleEngineMessage(android.os.Message)
com.baidu.mapapi.BMapManager: void <clinit>()
com.baidu.mapapi.MKGeneralListener
com.baidu.mapapi.MKGeneralListener: void onGetNetworkState(int)
com.baidu.mapapi.MKGeneralListener: void onGetPermissionState(int)
com.baidu.mapapi.VersionInfo
com.baidu.mapapi.VersionInfo: java.lang.String VERSION_INFO
com.baidu.mapapi.VersionInfo: java.lang.String VERSION_DESC
com.baidu.mapapi.VersionInfo: VersionInfo()
com.baidu.mapapi.VersionInfo: java.lang.String getApiVersion()
com.baidu.mapapi.VersionInfo: java.lang.String getVersionDesc()
com.baidu.mapapi.a
com.baidu.mapapi.a: com.baidu.mapapi.BMapManager a
com.baidu.mapapi.a: a(com.baidu.mapapi.BMapManager)
com.baidu.mapapi.a: void handleMessage(android.os.Message)
com.baidu.mapapi.b
com.baidu.mapapi.b: java.lang.String a
com.baidu.mapapi.b: b()
com.baidu.mapapi.b: void onReceive(android.content.Context,android.content.Intent)
com.baidu.mapapi.b: void a(android.content.Context)
com.baidu.mapapi.b: void <clinit>()
com.baidu.mapapi.cloud.BaseCloudSearchInfo
com.baidu.mapapi.cloud.BaseCloudSearchInfo: java.lang.String q
com.baidu.mapapi.cloud.BaseCloudSearchInfo: java.lang.String tags
com.baidu.mapapi.cloud.BaseCloudSearchInfo: java.lang.String sortby
com.baidu.mapapi.cloud.BaseCloudSearchInfo: java.lang.String filter
com.baidu.mapapi.cloud.BaseCloudSearchInfo: int pageIndex
com.baidu.mapapi.cloud.BaseCloudSearchInfo: int pageSize
com.baidu.mapapi.cloud.BaseCloudSearchInfo: BaseCloudSearchInfo()
com.baidu.mapapi.cloud.BaseCloudSearchInfo: java.lang.String a()