com.xm.bus/proguard/mapping.txt
android.support.v4.view.accessibility.AccessibilityNodeProviderCompatKitKat$1 -> android.support.v4.view.a.v:
    android.support.v4.view.accessibility.AccessibilityNodeProviderCompatKitKat$AccessibilityNodeInfoBridge val$bridge -> a
    android.view.accessibility.AccessibilityNodeInfo createAccessibilityNodeInfo(int) -> createAccessibilityNodeInfo
    java.util.List findAccessibilityNodeInfosByText(java.lang.String,int) -> findAccessibilityNodeInfosByText
    boolean performAction(int,int,android.os.Bundle) -> performAction
android.support.v4.view.accessibility.AccessibilityNodeProviderCompatKitKat$AccessibilityNodeInfoBridge -> android.support.v4.view.a.w:
    java.lang.Object createAccessibilityNodeInfo(int) -> a
    boolean performAction(int,int,android.os.Bundle) -> a
    java.util.List findAccessibilityNodeInfosByText(java.lang.String,int) -> a
android.support.v4.view.accessibility.AccessibilityRecordCompat -> android.support.v4.view.a.x:
    android.support.v4.view.accessibility.AccessibilityRecordCompat$AccessibilityRecordImpl IMPL -> a
    java.lang.Object mRecord -> b
    android.support.v4.view.accessibility.AccessibilityRecordCompat obtain() -> a
    void setScrollable(boolean) -> a
    void setItemCount(int) -> a
    void setFromIndex(int) -> b
    void setToIndex(int) -> c
    int hashCode() -> hashCode
    boolean equals(java.lang.Object) -> equals
android.support.v4.view.accessibility.AccessibilityRecordCompat$AccessibilityRecordIcsImpl -> android.support.v4.view.a.y:
    java.lang.Object obtain() -> a
    void setFromIndex(java.lang.Object,int) -> a
    void setItemCount(java.lang.Object,int) -> b
    void setScrollable(java.lang.Object,boolean) -> a
    void setToIndex(java.lang.Object,int) -> c
android.support.v4.view.accessibility.AccessibilityRecordCompat$AccessibilityRecordIcsMr1Impl -> android.support.v4.view.a.z:
android.support.v4.view.accessibility.AccessibilityRecordCompat$AccessibilityRecordImpl -> android.support.v4.view.a.aa:
    java.lang.Object obtain() -> a
    void setScrollable(java.lang.Object,boolean) -> a
    void setItemCount(java.lang.Object,int) -> b
    void setFromIndex(java.lang.Object,int) -> a
    void setToIndex(java.lang.Object,int) -> c
android.support.v4.view.accessibility.AccessibilityRecordCompat$AccessibilityRecordJellyBeanImpl -> android.support.v4.view.a.ab:
android.support.v4.view.accessibility.AccessibilityRecordCompat$AccessibilityRecordStubImpl -> android.support.v4.view.a.ac:
    java.lang.Object obtain() -> a
    void setFromIndex(java.lang.Object,int) -> a
    void setItemCount(java.lang.Object,int) -> b
    void setScrollable(java.lang.Object,boolean) -> a
    void setToIndex(java.lang.Object,int) -> c
android.support.v4.view.accessibility.AccessibilityRecordCompatIcs -> android.support.v4.view.a.ad:
    java.lang.Object obtain() -> a
    void setFromIndex(java.lang.Object,int) -> a
    void setItemCount(java.lang.Object,int) -> b
    void setScrollable(java.lang.Object,boolean) -> a
    void setToIndex(java.lang.Object,int) -> c